# JRE version: OpenJDK Runtime Environment (11.0.13) (build 11.0.13+0-b1751.21-8125866)
# Java VM: OpenJDK 64-Bit Server VM (11.0.13+0-b1751.21-8125866, mixed mode, tiered, compressed oops, g1 gc, windows-amd64)
Heap:
 garbage-first heap   total 249856K, used 197037K [0x0000000080000000, 0x0000000100000000)
  region size 1024K, 120 young (122880K), 16 survivors (16384K)
 Metaspace       used 90741K, capacity 93325K, committed 93520K, reserved 1130496K
  class space    used 11666K, capacity 12689K, committed 12800K, reserved 1048576K
GC Heap History (20 events):
Event: 0.821 GC heap before
{Heap before GC invocations=0 (full 0):
 garbage-first heap   total 249856K, used 29696K [0x0000000080000000, 0x0000000100000000)
  region size 1024K, 24 young (24576K), 0 survivors (0K)
 Metaspace       used 10104K, capacity 10403K, committed 10624K, reserved 1058816K
  class space    used 1029K, capacity 1106K, committed 1152K, reserved 1048576K
}
Event: 0.824 GC heap after
{Heap after GC invocations=1 (full 0):
 garbage-first heap   total 249856K, used 9661K [0x0000000080000000, 0x0000000100000000)
  region size 1024K, 3 young (3072K), 3 survivors (3072K)
 Metaspace       used 10104K, capacity 10403K, committed 10624K, reserved 1058816K
  class space    used 1029K, capacity 1106K, committed 1152K, reserved 1048576K
}
Event: 3.371 GC heap before
{Heap before GC invocations=1 (full 0):
 garbage-first heap   total 249856K, used 114109K [0x0000000080000000, 0x0000000100000000)
  region size 1024K, 106 young (108544K), 3 survivors (3072K)
 Metaspace       used 20771K, capacity 21149K, committed 21296K, reserved 1069056K
  class space    used 2514K, capacity 2648K, committed 2688K, reserved 1048576K
}
Event: 3.384 GC heap after
{Heap after GC invocations=2 (full 0):
 garbage-first heap   total 249856K, used 17088K [0x0000000080000000, 0x0000000100000000)
  region size 1024K, 11 young (11264K), 11 survivors (11264K)
 Metaspace       used 20771K, capacity 21149K, committed 21296K, reserved 1069056K
  class space    used 2514K, capacity 2648K, committed 2688K, reserved 1048576K
}
Event: 3.659 GC heap before
{Heap before GC invocations=3 (full 0):
 garbage-first heap   total 249856K, used 39616K [0x0000000080000000, 0x0000000100000000)
  region size 1024K, 33 young (33792K), 11 survivors (11264K)
 Metaspace       used 22719K, capacity 23340K, committed 23472K, reserved 1069056K
  class space    used 2868K, capacity 3066K, committed 3072K, reserved 1048576K
}
Event: 3.664 GC heap after
{Heap after GC invocations=4 (full 0):
 garbage-first heap   total 249856K, used 18386K [0x0000000080000000, 0x0000000100000000)
  region size 1024K, 2 young (2048K), 2 survivors (2048K)
 Metaspace       used 22719K, capacity 23340K, committed 23472K, reserved 1069056K
  class space    used 2868K, capacity 3066K, committed 3072K, reserved 1048576K
}
Event: 5.434 GC heap before
{Heap before GC invocations=4 (full 0):
 garbage-first heap   total 249856K, used 112594K [0x0000000080000000, 0x0000000100000000)
  region size 1024K, 95 young (97280K), 2 survivors (2048K)
 Metaspace       used 35028K, capacity 35750K, committed 35920K, reserved 1081344K
  class space    used 4484K, capacity 4784K, committed 4864K, reserved 1048576K
}
Event: 5.441 GC heap after
{Heap after GC invocations=5 (full 0):
 garbage-first heap   total 249856K, used 22669K [0x0000000080000000, 0x0000000100000000)
  region size 1024K, 6 young (6144K), 6 survivors (6144K)
 Metaspace       used 35028K, capacity 35750K, committed 35920K, reserved 1081344K
  class space    used 4484K, capacity 4784K, committed 4864K, reserved 1048576K
}
Event: 8.211 GC heap before
{Heap before GC invocations=6 (full 0):
 garbage-first heap   total 249856K, used 152717K [0x0000000080000000, 0x0000000100000000)
  region size 1024K, 130 young (133120K), 6 survivors (6144K)
 Metaspace       used 45690K, capacity 46688K, committed 46800K, reserved 1089536K
  class space    used 5782K, capacity 6177K, committed 6272K, reserved 1048576K
}
Event: 8.223 GC heap after
{Heap after GC invocations=7 (full 0):
 garbage-first heap   total 249856K, used 30180K [0x0000000080000000, 0x0000000100000000)
  region size 1024K, 13 young (13312K), 13 survivors (13312K)
 Metaspace       used 45690K, capacity 46688K, committed 46800K, reserved 1089536K
  class space    used 5782K, capacity 6177K, committed 6272K, reserved 1048576K
}
Event: 14.306 GC heap before
{Heap before GC invocations=7 (full 0):
 garbage-first heap   total 249856K, used 170468K [0x0000000080000000, 0x0000000100000000)
  region size 1024K, 146 young (149504K), 13 survivors (13312K)
 Metaspace       used 55561K, capacity 57009K, committed 57040K, reserved 1099776K
  class space    used 6993K, capacity 7536K, committed 7552K, reserved 1048576K
}
Event: 14.315 GC heap after
{Heap after GC invocations=8 (full 0):
 garbage-first heap   total 249856K, used 43791K [0x0000000080000000, 0x0000000100000000)
  region size 1024K, 17 young (17408K), 17 survivors (17408K)
 Metaspace       used 55561K, capacity 57009K, committed 57040K, reserved 1099776K
  class space    used 6993K, capacity 7536K, committed 7552K, reserved 1048576K
}
Event: 14.953 GC heap before
{Heap before GC invocations=8 (full 0):
 garbage-first heap   total 249856K, used 67343K [0x0000000080000000, 0x0000000100000000)
  region size 1024K, 41 young (41984K), 17 survivors (17408K)
 Metaspace       used 58794K, capacity 60222K, committed 60240K, reserved 1101824K
  class space    used 7367K, capacity 7919K, committed 7936K, reserved 1048576K
}
Event: 14.966 GC heap after
{Heap after GC invocations=9 (full 0):
 garbage-first heap   total 249856K, used 45318K [0x0000000080000000, 0x0000000100000000)
  region size 1024K, 12 young (12288K), 12 survivors (12288K)
 Metaspace       used 58794K, capacity 60222K, committed 60240K, reserved 1101824K
  class space    used 7367K, capacity 7919K, committed 7936K, reserved 1048576K
}
Event: 18.516 GC heap before
{Heap before GC invocations=10 (full 0):
 garbage-first heap   total 249856K, used 179462K [0x0000000080000000, 0x0000000100000000)
  region size 1024K, 136 young (139264K), 12 survivors (12288K)
 Metaspace       used 66753K, capacity 68365K, committed 68560K, reserved 1110016K
  class space    used 8389K, capacity 8996K, committed 9088K, reserved 1048576K
}
Event: 18.536 GC heap after
{Heap after GC invocations=11 (full 0):
 garbage-first heap   total 249856K, used 56089K [0x0000000080000000, 0x0000000100000000)
  region size 1024K, 12 young (12288K), 12 survivors (12288K)
 Metaspace       used 66753K, capacity 68365K, committed 68560K, reserved 1110016K
  class space    used 8389K, capacity 8996K, committed 9088K, reserved 1048576K
}
Event: 21.659 GC heap before
{Heap before GC invocations=11 (full 0):
 garbage-first heap   total 249856K, used 178969K [0x0000000080000000, 0x0000000100000000)
  region size 1024K, 132 young (135168K), 12 survivors (12288K)
 Metaspace       used 78751K, capacity 80517K, committed 80720K, reserved 1120256K
  class space    used 10201K, capacity 10919K, committed 11008K, reserved 1048576K
}
Event: 21.669 GC heap after
{Heap after GC invocations=12 (full 0):
 garbage-first heap   total 249856K, used 63589K [0x0000000080000000, 0x0000000100000000)
  region size 1024K, 8 young (8192K), 8 survivors (8192K)
 Metaspace       used 78751K, capacity 80517K, committed 80720K, reserved 1120256K
  class space    used 10201K, capacity 10919K, committed 11008K, reserved 1048576K
}
Event: 24.620 GC heap before
{Heap before GC invocations=12 (full 0):
 garbage-first heap   total 249856K, used 184421K [0x0000000080000000, 0x0000000100000000)
  region size 1024K, 127 young (130048K), 8 survivors (8192K)
 Metaspace       used 86134K, capacity 88632K, committed 88784K, reserved 1126400K
  class space    used 11162K, capacity 12079K, committed 12160K, reserved 1048576K
}
Event: 24.630 GC heap after
{Heap after GC invocations=13 (full 0):
 garbage-first heap   total 249856K, used 73133K [0x0000000080000000, 0x0000000100000000)
  region size 1024K, 16 young (16384K), 16 survivors (16384K)
 Metaspace       used 86134K, capacity 88632K, committed 88784K, reserved 1126400K
  class space    used 11162K, capacity 12079K, committed 12160K, reserved 1048576K
}

