# JRE version: OpenJDK Runtime Environment (11.0.13) (build 11.0.13+0-b1751.21-8125866)
# Java VM: OpenJDK 64-Bit Server VM (11.0.13+0-b1751.21-8125866, mixed mode, tiered, compressed oops, g1 gc, windows-amd64)
Heap:
 garbage-first heap   total 260096K, used 189034K [0x0000000080000000, 0x0000000100000000)
  region size 1024K, 81 young (82944K), 2 survivors (2048K)
 Metaspace       used 130334K, capacity 133781K, committed 144208K, reserved 1173504K
  class space    used 15876K, capacity 17194K, committed 21276K, reserved 1048576K
GC Heap History (20 events):
Event: 274.524 GC heap before
{Heap before GC invocations=24 (full 0):
 garbage-first heap   total 258048K, used 206737K [0x0000000080000000, 0x0000000100000000)
  region size 1024K, 105 young (107520K), 8 survivors (8192K)
 Metaspace       used 127769K, capacity 132863K, committed 139472K, reserved 1167360K
  class space    used 16533K, capacity 18524K, committed 21148K, reserved 1048576K
}
Event: 274.528 GC heap after
{Heap after GC invocations=25 (full 0):
 garbage-first heap   total 258048K, used 104249K [0x0000000080000000, 0x0000000100000000)
  region size 1024K, 4 young (4096K), 4 survivors (4096K)
 Metaspace       used 127769K, capacity 132863K, committed 139472K, reserved 1167360K
  class space    used 16533K, capacity 18524K, committed 21148K, reserved 1048576K
}
Event: 275.444 GC heap before
{Heap before GC invocations=25 (full 0):
 garbage-first heap   total 258048K, used 192313K [0x0000000080000000, 0x0000000100000000)
  region size 1024K, 81 young (82944K), 4 survivors (4096K)
 Metaspace       used 128902K, capacity 134075K, committed 140624K, reserved 1169408K
  class space    used 16613K, capacity 18611K, committed 21276K, reserved 1048576K
}
Event: 275.496 GC heap after
{Heap after GC invocations=26 (full 0):
 garbage-first heap   total 258048K, used 133345K [0x0000000080000000, 0x0000000100000000)
  region size 1024K, 14 young (14336K), 14 survivors (14336K)
 Metaspace       used 128902K, capacity 134075K, committed 140624K, reserved 1169408K
  class space    used 16613K, capacity 18611K, committed 21276K, reserved 1048576K
}
Event: 278.421 GC heap before
{Heap before GC invocations=27 (full 0):
 garbage-first heap   total 258048K, used 205025K [0x0000000080000000, 0x0000000100000000)
  region size 1024K, 77 young (78848K), 14 survivors (14336K)
 Metaspace       used 127682K, capacity 131061K, committed 141904K, reserved 1169408K
  class space    used 15859K, capacity 17165K, committed 21276K, reserved 1048576K
}
Event: 278.432 GC heap after
{Heap after GC invocations=28 (full 0):
 garbage-first heap   total 258048K, used 146814K [0x0000000080000000, 0x0000000100000000)
  region size 1024K, 9 young (9216K), 9 survivors (9216K)
 Metaspace       used 127682K, capacity 131061K, committed 141904K, reserved 1169408K
  class space    used 15859K, capacity 17165K, committed 21276K, reserved 1048576K
}
Event: 278.757 GC heap before
{Heap before GC invocations=28 (full 0):
 garbage-first heap   total 258048K, used 179582K [0x0000000080000000, 0x0000000100000000)
  region size 1024K, 42 young (43008K), 9 survivors (9216K)
 Metaspace       used 127905K, capacity 131281K, committed 142160K, reserved 1171456K
  class space    used 15863K, capacity 17173K, committed 21276K, reserved 1048576K
}
Event: 278.766 GC heap after
{Heap after GC invocations=29 (full 0):
 garbage-first heap   total 258048K, used 147481K [0x0000000080000000, 0x0000000100000000)
  region size 1024K, 4 young (4096K), 4 survivors (4096K)
 Metaspace       used 127905K, capacity 131281K, committed 142160K, reserved 1171456K
  class space    used 15863K, capacity 17173K, committed 21276K, reserved 1048576K
}
Event: 279.692 GC heap before
{Heap before GC invocations=30 (full 0):
 garbage-first heap   total 258048K, used 187417K [0x0000000080000000, 0x0000000100000000)
  region size 1024K, 61 young (62464K), 4 survivors (4096K)
 Metaspace       used 128363K, capacity 131764K, committed 142672K, reserved 1171456K
  class space    used 15856K, capacity 17159K, committed 21276K, reserved 1048576K
}
Event: 279.694 GC heap after
{Heap after GC invocations=31 (full 0):
 garbage-first heap   total 258048K, used 128347K [0x0000000080000000, 0x0000000100000000)
  region size 1024K, 2 young (2048K), 2 survivors (2048K)
 Metaspace       used 128363K, capacity 131764K, committed 142672K, reserved 1171456K
  class space    used 15856K, capacity 17159K, committed 21276K, reserved 1048576K
}
Event: 279.731 GC heap before
{Heap before GC invocations=31 (full 0):
 garbage-first heap   total 258048K, used 139611K [0x0000000080000000, 0x0000000100000000)
  region size 1024K, 12 young (12288K), 2 survivors (2048K)
 Metaspace       used 128383K, capacity 131766K, committed 142672K, reserved 1171456K
  class space    used 15856K, capacity 17159K, committed 21276K, reserved 1048576K
}
Event: 279.737 GC heap after
{Heap after GC invocations=32 (full 0):
 garbage-first heap   total 258048K, used 107886K [0x0000000080000000, 0x0000000100000000)
  region size 1024K, 1 young (1024K), 1 survivors (1024K)
 Metaspace       used 128383K, capacity 131766K, committed 142672K, reserved 1171456K
  class space    used 15856K, capacity 17159K, committed 21276K, reserved 1048576K
}
Event: 280.015 GC heap before
{Heap before GC invocations=32 (full 0):
 garbage-first heap   total 258048K, used 194926K [0x0000000080000000, 0x0000000100000000)
  region size 1024K, 86 young (88064K), 1 survivors (1024K)
 Metaspace       used 129412K, capacity 132845K, committed 143696K, reserved 1171456K
  class space    used 15856K, capacity 17159K, committed 21276K, reserved 1048576K
}
Event: 280.018 GC heap after
{Heap after GC invocations=33 (full 0):
 garbage-first heap   total 258048K, used 111698K [0x0000000080000000, 0x0000000100000000)
  region size 1024K, 5 young (5120K), 5 survivors (5120K)
 Metaspace       used 129412K, capacity 132845K, committed 143696K, reserved 1171456K
  class space    used 15856K, capacity 17159K, committed 21276K, reserved 1048576K
}
Event: 280.175 GC heap before
{Heap before GC invocations=33 (full 0):
 garbage-first heap   total 258048K, used 140370K [0x0000000080000000, 0x0000000100000000)
  region size 1024K, 26 young (26624K), 5 survivors (5120K)
 Metaspace       used 129516K, capacity 132938K, committed 143696K, reserved 1171456K
  class space    used 15858K, capacity 17163K, committed 21276K, reserved 1048576K
}
Event: 280.178 GC heap after
{Heap after GC invocations=34 (full 0):
 garbage-first heap   total 258048K, used 112094K [0x0000000080000000, 0x0000000100000000)
  region size 1024K, 1 young (1024K), 1 survivors (1024K)
 Metaspace       used 129516K, capacity 132938K, committed 143696K, reserved 1171456K
  class space    used 15858K, capacity 17163K, committed 21276K, reserved 1048576K
}
Event: 323.042 GC heap before
{Heap before GC invocations=35 (full 0):
 garbage-first heap   total 258048K, used 255454K [0x0000000080000000, 0x0000000100000000)
  region size 1024K, 91 young (93184K), 1 survivors (1024K)
 Metaspace       used 129867K, capacity 133309K, committed 143952K, reserved 1171456K
  class space    used 15863K, capacity 17171K, committed 21276K, reserved 1048576K
}
Event: 323.045 GC heap after
{Heap after GC invocations=36 (full 0):
 garbage-first heap   total 260096K, used 109209K [0x0000000080000000, 0x0000000100000000)
  region size 1024K, 3 young (3072K), 3 survivors (3072K)
 Metaspace       used 129867K, capacity 133309K, committed 143952K, reserved 1171456K
  class space    used 15863K, capacity 17171K, committed 21276K, reserved 1048576K
}
Event: 323.198 GC heap before
{Heap before GC invocations=36 (full 0):
 garbage-first heap   total 260096K, used 118425K [0x0000000080000000, 0x0000000100000000)
  region size 1024K, 12 young (12288K), 3 survivors (3072K)
 Metaspace       used 129981K, capacity 133381K, committed 143952K, reserved 1171456K
  class space    used 15870K, capacity 17183K, committed 21276K, reserved 1048576K
}
Event: 323.202 GC heap after
{Heap after GC invocations=37 (full 0):
 garbage-first heap   total 260096K, used 110186K [0x0000000080000000, 0x0000000100000000)
  region size 1024K, 2 young (2048K), 2 survivors (2048K)
 Metaspace       used 129981K, capacity 133381K, committed 143952K, reserved 1171456K
  class space    used 15870K, capacity 17183K, committed 21276K, reserved 1048576K
}

