# JRE version: OpenJDK Runtime Environment (11.0.13) (build 11.0.13+0-b1751.21-8125866)
# Java VM: OpenJDK 64-Bit Server VM (11.0.13+0-b1751.21-8125866, mixed mode, tiered, compressed oops, g1 gc, windows-amd64)
Heap:
 garbage-first heap   total 249856K, used 124753K [0x0000000080000000, 0x0000000100000000)
  region size 1024K, 30 young (30720K), 6 survivors (6144K)
 Metaspace       used 119657K, capacity 123241K, committed 128816K, reserved 1159168K
  class space    used 15386K, capacity 16793K, committed 18912K, reserved 1048576K
GC Heap History (20 events):
Event: 14.664 GC heap before
{Heap before GC invocations=10 (full 0):
 garbage-first heap   total 249856K, used 182213K [0x0000000080000000, 0x0000000100000000)
  region size 1024K, 139 young (142336K), 12 survivors (12288K)
 Metaspace       used 66752K, capacity 68380K, committed 68560K, reserved 1110016K
  class space    used 8394K, capacity 8982K, committed 9088K, reserved 1048576K
}
Event: 14.673 GC heap after
{Heap after GC invocations=11 (full 0):
 garbage-first heap   total 249856K, used 54989K [0x0000000080000000, 0x0000000100000000)
  region size 1024K, 12 young (12288K), 12 survivors (12288K)
 Metaspace       used 66752K, capacity 68380K, committed 68560K, reserved 1110016K
  class space    used 8394K, capacity 8982K, committed 9088K, reserved 1048576K
}
Event: 18.380 GC heap before
{Heap before GC invocations=11 (full 0):
 garbage-first heap   total 249856K, used 180941K [0x0000000080000000, 0x0000000100000000)
  region size 1024K, 135 young (138240K), 12 survivors (12288K)
 Metaspace       used 80232K, capacity 82063K, committed 82384K, reserved 1120256K
  class space    used 10366K, capacity 11070K, committed 11136K, reserved 1048576K
}
Event: 18.390 GC heap after
{Heap after GC invocations=12 (full 0):
 garbage-first heap   total 249856K, used 63248K [0x0000000080000000, 0x0000000100000000)
  region size 1024K, 9 young (9216K), 9 survivors (9216K)
 Metaspace       used 80232K, capacity 82063K, committed 82384K, reserved 1120256K
  class space    used 10366K, capacity 11070K, committed 11136K, reserved 1048576K
}
Event: 20.448 GC heap before
{Heap before GC invocations=12 (full 0):
 garbage-first heap   total 249856K, used 186128K [0x0000000080000000, 0x0000000100000000)
  region size 1024K, 130 young (133120K), 9 survivors (9216K)
 Metaspace       used 86074K, capacity 88533K, committed 88784K, reserved 1126400K
  class space    used 11188K, capacity 12117K, committed 12160K, reserved 1048576K
}
Event: 20.463 GC heap after
{Heap after GC invocations=13 (full 0):
 garbage-first heap   total 249856K, used 73004K [0x0000000080000000, 0x0000000100000000)
  region size 1024K, 17 young (17408K), 17 survivors (17408K)
 Metaspace       used 86074K, capacity 88533K, committed 88784K, reserved 1126400K
  class space    used 11188K, capacity 12117K, committed 12160K, reserved 1048576K
}
Event: 22.992 GC heap before
{Heap before GC invocations=13 (full 0):
 garbage-first heap   total 249856K, used 189740K [0x0000000080000000, 0x0000000100000000)
  region size 1024K, 132 young (135168K), 17 survivors (17408K)
 Metaspace       used 93242K, capacity 95999K, committed 96208K, reserved 1132544K
  class space    used 12107K, capacity 13135K, committed 13184K, reserved 1048576K
}
Event: 23.009 GC heap after
{Heap after GC invocations=14 (full 0):
 garbage-first heap   total 249856K, used 82737K [0x0000000080000000, 0x0000000100000000)
  region size 1024K, 11 young (11264K), 11 survivors (11264K)
 Metaspace       used 93242K, capacity 95999K, committed 96208K, reserved 1132544K
  class space    used 12107K, capacity 13135K, committed 13184K, reserved 1048576K
}
Event: 25.809 GC heap before
{Heap before GC invocations=14 (full 0):
 garbage-first heap   total 249856K, used 196401K [0x0000000080000000, 0x0000000100000000)
  region size 1024K, 119 young (121856K), 11 survivors (11264K)
 Metaspace       used 96542K, capacity 99445K, committed 99792K, reserved 1136640K
  class space    used 12467K, capacity 13579K, committed 13696K, reserved 1048576K
}
Event: 25.819 GC heap after
{Heap after GC invocations=15 (full 0):
 garbage-first heap   total 249856K, used 90425K [0x0000000080000000, 0x0000000100000000)
  region size 1024K, 7 young (7168K), 7 survivors (7168K)
 Metaspace       used 96542K, capacity 99445K, committed 99792K, reserved 1136640K
  class space    used 12467K, capacity 13579K, committed 13696K, reserved 1048576K
}
Event: 26.121 GC heap before
{Heap before GC invocations=15 (full 0):
 garbage-first heap   total 249856K, used 105785K [0x0000000080000000, 0x0000000100000000)
  region size 1024K, 24 young (24576K), 7 survivors (7168K)
 Metaspace       used 97945K, capacity 100949K, committed 101040K, reserved 1136640K
  class space    used 12670K, capacity 13847K, committed 13920K, reserved 1048576K
}
Event: 26.128 GC heap after
{Heap after GC invocations=16 (full 0):
 garbage-first heap   total 249856K, used 88784K [0x0000000080000000, 0x0000000100000000)
  region size 1024K, 7 young (7168K), 7 survivors (7168K)
 Metaspace       used 97945K, capacity 100949K, committed 101040K, reserved 1136640K
  class space    used 12670K, capacity 13847K, committed 13920K, reserved 1048576K
}
Event: 28.824 GC heap before
{Heap before GC invocations=17 (full 0):
 garbage-first heap   total 249856K, used 201424K [0x0000000080000000, 0x0000000100000000)
  region size 1024K, 118 young (120832K), 7 survivors (7168K)
 Metaspace       used 109329K, capacity 114252K, committed 114480K, reserved 1146880K
  class space    used 14776K, capacity 16811K, committed 16864K, reserved 1048576K
}
Event: 28.833 GC heap after
{Heap after GC invocations=18 (full 0):
 garbage-first heap   total 249856K, used 97975K [0x0000000080000000, 0x0000000100000000)
  region size 1024K, 15 young (15360K), 15 survivors (15360K)
 Metaspace       used 109329K, capacity 114252K, committed 114480K, reserved 1146880K
  class space    used 14776K, capacity 16811K, committed 16864K, reserved 1048576K
}
Event: 31.180 GC heap before
{Heap before GC invocations=18 (full 0):
 garbage-first heap   total 249856K, used 201399K [0x0000000080000000, 0x0000000100000000)
  region size 1024K, 116 young (118784K), 15 survivors (15360K)
 Metaspace       used 117279K, capacity 123003K, committed 123184K, reserved 1155072K
  class space    used 16055K, capacity 18397K, committed 18400K, reserved 1048576K
}
Event: 31.187 GC heap after
{Heap after GC invocations=19 (full 0):
 garbage-first heap   total 249856K, used 94951K [0x0000000080000000, 0x0000000100000000)
  region size 1024K, 5 young (5120K), 5 survivors (5120K)
 Metaspace       used 117279K, capacity 123003K, committed 123184K, reserved 1155072K
  class space    used 16055K, capacity 18397K, committed 18400K, reserved 1048576K
}
Event: 31.432 GC heap before
{Heap before GC invocations=19 (full 0):
 garbage-first heap   total 249856K, used 123623K [0x0000000080000000, 0x0000000100000000)
  region size 1024K, 13 young (13312K), 5 survivors (5120K)
 Metaspace       used 118055K, capacity 123760K, committed 123824K, reserved 1155072K
  class space    used 16172K, capacity 18524K, committed 18528K, reserved 1048576K
}
Event: 31.438 GC heap after
{Heap after GC invocations=20 (full 0):
 garbage-first heap   total 249856K, used 118419K [0x0000000080000000, 0x0000000100000000)
  region size 1024K, 6 young (6144K), 6 survivors (6144K)
 Metaspace       used 118055K, capacity 123760K, committed 123824K, reserved 1155072K
  class space    used 16172K, capacity 18524K, committed 18528K, reserved 1048576K
}
Event: 44.078 GC heap before
{Heap before GC invocations=21 (full 0):
 garbage-first heap   total 249856K, used 209555K [0x0000000080000000, 0x0000000100000000)
  region size 1024K, 63 young (64512K), 6 survivors (6144K)
 Metaspace       used 118756K, capacity 122407K, committed 128304K, reserved 1159168K
  class space    used 15294K, capacity 16708K, committed 18912K, reserved 1048576K
}
Event: 44.085 GC heap after
{Heap after GC invocations=22 (full 0):
 garbage-first heap   total 249856K, used 100177K [0x0000000080000000, 0x0000000100000000)
  region size 1024K, 6 young (6144K), 6 survivors (6144K)
 Metaspace       used 118756K, capacity 122407K, committed 128304K, reserved 1159168K
  class space    used 15294K, capacity 16708K, committed 18912K, reserved 1048576K
}

